<?xml version="1.0" encoding="UTF-8"?>
<!-- Generated by org.testng.reporters.JUnitReportReporter -->
<testsuite hostname="FEUJI-V017D" failures="0" tests="5" name="com.test.MobileWebTest" time="97.560" errors="0" timestamp="2023-09-25T18:31:06 IST" skipped="0">
  <testcase classname="com.test.MobileWebTest" name="failedLoginTest1" time="48.782"/>
  <system-out/>
  <testcase classname="com.test.MobileWebTest" name="failedLoginTest2" time="9.103"/>
  <system-out/>
  <testcase classname="com.test.MobileWebTest" name="failedLoginTest3" time="4.282"/>
  <system-out/>
  <testcase classname="com.test.MobileWebTest" name="loginTest" time="1.851"/>
  <system-out/>
  <testcase classname="com.test.MobileWebTest" name="deleteEmployeeTest" time="33.542"/>
  <system-out/>
</testsuite> <!-- com.test.MobileWebTest -->
