<?xml version="1.0" encoding="UTF-8"?>
<!-- Generated by org.testng.reporters.JUnitReportReporter -->
<testsuite hostname="FEUJI-V017D" failures="0" tests="1" name="com.orangehrm.base.MobileWebTest" time="0.000" errors="0" timestamp="2023-09-14T14:31:05 IST" skipped="1">
  <testcase classname="com.orangehrm.base.MobileWebTest" name="launchWebApp" time="0.000">
    <skipped/>
  </testcase> <!-- launchWebApp -->
  <system-out/>
</testsuite> <!-- com.orangehrm.base.MobileWebTest -->
